C51 COMPILER V9.52.0.0   PWM                                                               04/08/2016 21:50:07 PAGE 1   


C51 COMPILER V9.52.0.0, COMPILATION OF MODULE PWM
OBJECT MODULE PLACED IN pwm.OBJ
COMPILER INVOKED BY: D:\Program Files\Keil\C51\BIN\C51.EXE pwm.c LARGE BROWSE DEBUG OBJECTEXTEND TABS(2)

line level    source

   1          #include "pwm.h"
   2          extern u8 pwm0,pwm1,pwm2;
   3          
   4          //========================================================================
   5          // 函数: void PCA_Init(void)
   6          // 描述: PCA初始化程序.
   7          //========================================================================
   8          void  PCA_Init(void)
   9          {
  10   1        CR = 0;
  11   1        AUXR1 = (AUXR1 & ~(3<<4)) | PCA_P24_P25_P26_P27;  //切换IO口
  12   1        //将PCA/PWM切换到P24(ECI) P25(CCP0) P26(CCP1) P27(CCP2)
  13   1        CCON = 0; //初始化PCA控制寄存器
  14   1        
  15   1        PCA_PWM0 = (PCA_Mode_Capture | ENABLE); //8位模式
  16   1        PCA_PWM1 = (PCA_Mode_Capture | ENABLE);
  17   1        PCA_PWM2 = (PCA_Mode_Capture | DISABLE);
  18   1        
  19   1        CCAPM0 = 0x42; //PCA模块0为8位PWM模式
  20   1        CCAPM1 = 0x42; //PCA模块1为8位PWM模式
  21   1        CCAPM2 = 0x42; //PCA模块2为8位PWM模式
  22   1      
  23   1        CH = 0;
  24   1        CL = 0;
  25   1        //选择时钟源
  26   1        CMOD = 0x02; //设置PCA时钟源 1T
  27   1      
  28   1        pwm0 = 0; //给PWM一个初值
  29   1        pwm1 = 0;
  30   1        pwm2 = 0;
  31   1      
  32   1        PWMn_Update(PCA0,pwm0);
  33   1        PWMn_Update(PCA1,pwm1);
  34   1        //PWMn_Update(PCA2,pwm2);
  35   1      
  36   1        CR    = 1;  // 运行PCA定时器
  37   1        //  EA = 1;
  38   1        P2M1 &= ~(0xe0);  //P2.7 P2.6 P2.5 设置为推挽输出
  39   1        P2M0 |=  (0xe0);
  40   1      }
  41          //========================================================================
  42          // 函数: void  delay_ms(u8 ms)
  43          // 描述: 延时函数。
  44          // 参数: ms,要延时的ms数, 这里只支持1~255ms. 自动适应主时钟.
  45          //========================================================================
  46          void  delay_ms(u16 ms)
  47          {
*** WARNING C235 IN LINE 47 OF pwm.c: parameter 1: different types
  48   1           unsigned int i;
  49   1         do{
  50   2              i = MAIN_Fosc / 13000;
  51   2            while(--i)  ;
  52   2           }while(--ms);
  53   1      }
  54          
C51 COMPILER V9.52.0.0   PWM                                                               04/08/2016 21:50:07 PAGE 2   

  55          
  56          //========================================================================
  57          // 函数: void PWMn_SetHighReg(unsigned int high)
  58          // 描述: 更新占空比数据。
  59          // 参数: high:高电位周期 0-255
  60          //========================================================================
  61          void PWMn_Update(u8 PCA_id, u16 pwm)
  62          {
  63   1        if(PCA_id == PCA0)
  64   1        {
  65   2          CR = 0;           //停止PCA一会， 一般不会影响PWM。
  66   2          CCAP0H = CCAP0L=0xff-pwm;
  67   2          CR = 1;           //启动PCA。
  68   2        }
  69   1        else if(PCA_id == PCA1)
  70   1        {
  71   2          CR = 0;           //停止PCA。
  72   2          CCAP1H = CCAP1L=0xff-pwm;
  73   2          CR = 1;           //启动PCA。
  74   2        }
  75   1        else if(PCA_id == PCA2)
  76   1        {
  77   2          CR = 0;           //停止PCA。
  78   2          CCAP2H = CCAP2L=0xff-pwm;
  79   2          CR = 1;           //启动PCA。
  80   2        }
  81   1      }
  82          
  83          
  84          
  85          /*
  86          #define   PWM_DUTY    6000    //定义PWM的周期，数值为PCA所选择的时钟脉冲个数。
  87          #define   PWM_HIGH_MIN  80    //限制PWM输出的最小占空比, 避免中断里重装参数时间不够。
  88          #define   PWM_HIGH_MAX  (PWM_DUTY - PWM_HIGH_MIN) //限制PWM输出的最大占空比。
  89          */
  90          void  pwm_left(u8 highpwm)//最小值PWM_HIGH_MIN  最大值PWM_HIGH_MAX
  91          {
  92   1        PWMn_Update(PCA1,highpwm);
  93   1      }
  94          void  pwm_right(u8 highpwm)
  95          {
  96   1        PWMn_Update(PCA0,highpwm);
  97   1      }
  98          
  99          
 100          


MODULE INFORMATION:   STATIC OVERLAYABLE
   CODE SIZE        =    173    ----
   CONSTANT SIZE    =   ----    ----
   XDATA SIZE       =   ----    ----
   PDATA SIZE       =   ----    ----
   DATA SIZE        =   ----    ----
   IDATA SIZE       =   ----    ----
   BIT SIZE         =   ----    ----
END OF MODULE INFORMATION.


C51 COMPILATION COMPLETE.  1 WARNING(S),  0 ERROR(S)
